<?xml version="1.0" encoding="UTF-8"?>
<testng-results skipped="0" failed="0" ignored="0" total="1" passed="1">
  <reporter-output>
  </reporter-output>
  <suite name="Default suite" duration-ms="14903" started-at="2019-06-07T21:50:17Z" finished-at="2019-06-07T21:50:32Z">
    <groups>
    </groups>
    <test name="Default test" duration-ms="14903" started-at="2019-06-07T21:50:17Z" finished-at="2019-06-07T21:50:32Z">
      <class name="Selenium.Automation.HandlingMultipleFrames">
        <test-method status="PASS" signature="setUp()[pri:0, instance:Selenium.Automation.HandlingMultipleFrames@6093dd95]" name="setUp" is-config="true" duration-ms="13559" started-at="2019-06-07T21:50:17Z" finished-at="2019-06-07T21:50:31Z">
          <reporter-output>
          </reporter-output>
        </test-method> <!-- setUp -->
        <test-method status="PASS" signature="testFrames()[pri:0, instance:Selenium.Automation.HandlingMultipleFrames@6093dd95]" name="testFrames" duration-ms="236" started-at="2019-06-07T21:50:31Z" finished-at="2019-06-07T21:50:31Z">
          <reporter-output>
          </reporter-output>
        </test-method> <!-- testFrames -->
        <test-method status="PASS" signature="tearDown()[pri:0, instance:Selenium.Automation.HandlingMultipleFrames@6093dd95]" name="tearDown" is-config="true" duration-ms="1082" started-at="2019-06-07T21:50:31Z" finished-at="2019-06-07T21:50:32Z">
          <reporter-output>
          </reporter-output>
        </test-method> <!-- tearDown -->
      </class> <!-- Selenium.Automation.HandlingMultipleFrames -->
    </test> <!-- Default test -->
  </suite> <!-- Default suite -->
</testng-results>
