<?xml version="1.0" encoding="UTF-8"?>
<testng-results skipped="0" failed="0" ignored="0" total="1" passed="1">
  <reporter-output>
  </reporter-output>
  <suite name="Default suite" duration-ms="59270" started-at="2019-06-06T19:57:38Z" finished-at="2019-06-06T19:58:37Z">
    <groups>
    </groups>
    <test name="Default test" duration-ms="59270" started-at="2019-06-06T19:57:38Z" finished-at="2019-06-06T19:58:37Z">
      <class name="Selenium.Automation.AppTest">
        <test-method status="PASS" signature="setUp()[pri:0, instance:Selenium.Automation.AppTest@add0edd]" name="setUp" is-config="true" duration-ms="33788" started-at="2019-06-06T19:57:38Z" finished-at="2019-06-06T19:58:11Z">
          <reporter-output>
          </reporter-output>
        </test-method> <!-- setUp -->
        <test-method status="PASS" signature="test()[pri:0, instance:Selenium.Automation.AppTest@add0edd]" name="test" duration-ms="25261" started-at="2019-06-06T19:58:11Z" finished-at="2019-06-06T19:58:37Z">
          <reporter-output>
          </reporter-output>
        </test-method> <!-- test -->
      </class> <!-- Selenium.Automation.AppTest -->
    </test> <!-- Default test -->
  </suite> <!-- Default suite -->
</testng-results>
